[2023-05-25 20:09:32,653] multiqc                                            [DEBUG  ]  This is MultiQC v1.13
[2023-05-25 20:09:32,654] multiqc                                            [DEBUG  ]  Command used: /shared/ifbstor1/software/miniconda/envs/multiqc-1.13/bin/multiqc --force --title rfeeney sample sub-set ../data/merged_pairs/ ./fastqc/ ./rfeeney_flash2.log ./bowtie/
[2023-05-25 20:09:33,018] multiqc                                            [WARNING]  MultiQC Version v1.14 now available!
[2023-05-25 20:09:33,018] multiqc                                            [DEBUG  ]  Working dir : /shared/ifbstor1/projects/2314_medbioinfo/rachel/MedBioinfo/analyses
[2023-05-25 20:09:33,019] multiqc                                            [DEBUG  ]  Template    : default
[2023-05-25 20:09:33,019] multiqc                                            [DEBUG  ]  Running Python 3.10.6 | packaged by conda-forge | (main, Aug 22 2022, 20:36:39) [GCC 10.4.0]
[2023-05-25 20:09:33,019] multiqc                                            [INFO   ]  Report title: rfeeney sample sub-set
[2023-05-25 20:09:33,020] multiqc                                            [DEBUG  ]  Analysing modules: custom_content, ccs, ngsderive, purple, conpair, lima, peddy, somalier, methylQA, mosdepth, phantompeakqualtools, qualimap, preseq, quast, qorts, rna_seqc, rockhopper, rsem, rseqc, busco, bustools, goleft_indexcov, gffcompare, disambiguate, supernova, deeptools, sargasso, verifybamid, mirtrace, happy, mirtop, sambamba, homer, hops, macs2, theta2, snpeff, gatk, htseq, bcftools, featureCounts, fgbio, dragen, dedup, pbmarkdup, damageprofiler, biobambam2, jcvi, mtnucratio, picard, vep, sentieon, prokka, qc3C, nanostat, samblaster, samtools, sexdeterrmine, eigenstratdatabasetools, bamtools, jellyfish, vcftools, longranger, stacks, varscan2, snippy, bbmap, bismark, biscuit, hicexplorer, hicup, hicpro, salmon, kallisto, slamdunk, star, hisat2, tophat, bowtie2, bowtie1, snpsplit, odgi, pangolin, kat, leehom, adapterRemoval, clipandmerge, cutadapt, flexbar, kaiju, kraken, malt, trimmomatic, sickle, skewer, sortmerna, biobloomtools, fastq_screen, afterqc, fastp, fastqc, pychopper, pycoqc, minionqc, multivcfanalyzer, clusterflow, checkqc, bcl2fastq, bclconvert, interop, ivar, flash, seqyclean, optitype, whatshap
[2023-05-25 20:09:33,020] multiqc                                            [DEBUG  ]  Using temporary directory for creating report: /tmp/tmp90mg3d6l
[2023-05-25 20:09:33,363] multiqc                                            [INFO   ]  Search path : /shared/ifbstor1/projects/2314_medbioinfo/rachel/MedBioinfo/data/merged_pairs
[2023-05-25 20:09:33,364] multiqc                                            [INFO   ]  Search path : /shared/ifbstor1/projects/2314_medbioinfo/rachel/MedBioinfo/analyses/fastqc
[2023-05-25 20:09:33,364] multiqc                                            [INFO   ]  Search path : /shared/ifbstor1/projects/2314_medbioinfo/rachel/MedBioinfo/analyses/rfeeney_flash2.log
[2023-05-25 20:09:33,364] multiqc                                            [INFO   ]  Search path : /shared/ifbstor1/projects/2314_medbioinfo/rachel/MedBioinfo/analyses/bowtie
[2023-05-25 20:09:37,813] multiqc                                            [DEBUG  ]  Summary of files that were skipped by the search: [skipped_module_specific_max_filesize: 223] // [skipped_no_match: 51] // [skipped_ignore_pattern: 27]
[2023-05-25 20:09:40,831] multiqc.plots.bargraph                             [DEBUG  ]  Using matplotlib version 3.6.1
[2023-05-25 20:09:40,833] multiqc.plots.linegraph                            [DEBUG  ]  Using matplotlib version 3.6.1
[2023-05-25 20:09:40,836] multiqc                                            [DEBUG  ]  No samples found: custom_content
[2023-05-25 20:09:40,847] multiqc.modules.bowtie2.bowtie2                    [INFO   ]  Found 3 reports
[2023-05-25 20:09:41,373] multiqc.modules.fastqc.fastqc                      [INFO   ]  Found 16 reports
[2023-05-25 20:09:41,498] multiqc.modules.flash.flash                        [INFO   ]  Found 8 log reports
[2023-05-25 20:09:41,507] multiqc.modules.flash.flash                        [INFO   ]  Found 8 histogram reports
[2023-05-25 20:09:41,536] multiqc                                            [INFO   ]  Compressing plot data
[2023-05-25 20:09:41,847] multiqc                                            [INFO   ]  Report      : rfeeney-sample-sub-set_multiqc_report.html
[2023-05-25 20:09:41,848] multiqc                                            [INFO   ]  Data        : rfeeney-sample-sub-set_multiqc_report_data
[2023-05-25 20:09:41,848] multiqc                                            [DEBUG  ]  Moving data file from '/tmp/tmp90mg3d6l/multiqc_data' to '/shared/ifbstor1/projects/2314_medbioinfo/rachel/MedBioinfo/analyses/rfeeney-sample-sub-set_multiqc_report_data'
[2023-05-25 20:09:42,051] multiqc                                            [INFO   ]  MultiQC complete
